19:38:39 **** Incremental Build of configuration Default for project Defender-Ant ****
xmake CONFIG=Default all 
Checking build modules
No build modules used.
Analyzing Defender-Ant.xc
../src/Defender-Ant.xc:150:7: warning: unused variable `moveCounter' [-Wunused-variable]
  int moveCounter = 0;                       //moves of attacker so far
      ^~~~~~~~~~~
../src/Defender-Ant.xc:154:7: warning: unused variable `moveForbidden' [-Wunused-variable]
  int moveForbidden = 0;                     //the verdict of the controller if move is allowed
      ^~~~~~~~~~~~~
Creating dependencies for Defender-Ant.xc
Compiling Defender-Ant.xc
../src/Defender-Ant.xc:150:7: warning: unused variable `moveCounter' [-Wunused-variable]
  int moveCounter = 0;                       //moves of attacker so far
      ^~~~~~~~~~~
../src/Defender-Ant.xc:154:7: warning: unused variable `moveForbidden' [-Wunused-variable]
  int moveForbidden = 0;                     //the verdict of the controller if move is allowed
      ^~~~~~~~~~~~~
Creating Defender-Ant.xe
Build Complete

19:38:40 Build Finished (took 1s.163ms)

